<?xml version="1.0" encoding="UTF-8"?>
<testsuite xmlns:xsi="http://www.w3.org/2001/XMLSchema-instance" xsi:noNamespaceSchemaLocation="https://maven.apache.org/surefire/maven-surefire-plugin/xsd/surefire-test-report.xsd" version="3.0.2" name="test.RepositoryTest" time="0.001" tests="8" errors="0" skipped="0" failures="0">
  <properties>
[...]
</properties>
  <testcase name="testAdd" classname="test.RepositoryTest" time="0.0"/>
  <testcase name="testGetByIdNotFoundThrowsException" classname="test.RepositoryTest" time="0.0"/>
  <testcase name="testClear" classname="test.RepositoryTest" time="0.0"/>
  <testcase name="testGetById" classname="test.RepositoryTest" time="0.001"/>
  <testcase name="testGetAll" classname="test.RepositoryTest" time="0.0"/>
  <testcase name="testRemove" classname="test.RepositoryTest" time="0.0"/>
  <testcase name="testUpdate" classname="test.RepositoryTest" time="0.0"/>
  <testcase name="testConstructor" classname="test.RepositoryTest" time="0.0"/>
</testsuite>